  Aula 1.cpp
D:\Documentos\Programação Competitiva\Aula 1 - Vectors\Aula 1 - Vectors\Aula 1 - Exercício 2\Aula 1\Aula 1.cpp(52,53): error C2672: 'ref': nenhuma função sobrecarregada correspondente encontrada
      C:\Program Files\Microsoft Visual Studio\2022\Community\VC\Tools\MSVC\14.41.34120\include\type_traits(2060,48):
      poderia ser 'std::reference_wrapper<_Ty> std::ref(std::reference_wrapper<_Ty>) noexcept'
          D:\Documentos\Programação Competitiva\Aula 1 - Vectors\Aula 1 - Vectors\Aula 1 - Exercício 2\Aula 1\Aula 1.cpp(52,53):
          'std::reference_wrapper<_Ty> std::ref(std::reference_wrapper<_Ty>) noexcept': espera argumentos 1 - 2 fornecido
      C:\Program Files\Microsoft Visual Studio\2022\Community\VC\Tools\MSVC\14.41.34120\include\type_traits(2057,6):
      ou       'void std::ref(const _Ty &&)'
          D:\Documentos\Programação Competitiva\Aula 1 - Vectors\Aula 1 - Vectors\Aula 1 - Exercício 2\Aula 1\Aula 1.cpp(52,53):
          'void std::ref(const _Ty &&)': espera argumentos 1 - 2 fornecido
      C:\Program Files\Microsoft Visual Studio\2022\Community\VC\Tools\MSVC\14.41.34120\include\type_traits(2052,48):
      ou       'std::reference_wrapper<_Ty> std::ref(_Ty &) noexcept'
          D:\Documentos\Programação Competitiva\Aula 1 - Vectors\Aula 1 - Vectors\Aula 1 - Exercício 2\Aula 1\Aula 1.cpp(52,53):
          'std::reference_wrapper<_Ty> std::ref(_Ty &) noexcept': espera argumentos 1 - 2 fornecido
  
D:\Documentos\Programação Competitiva\Aula 1 - Vectors\Aula 1 - Vectors\Aula 1 - Exercício 2\Aula 1\Aula 1.cpp(52,22): error C2672: 'async': nenhuma função sobrecarregada correspondente encontrada
      C:\Program Files\Microsoft Visual Studio\2022\Community\VC\Tools\MSVC\14.41.34120\include\future(1426,81):
      poderia ser 'std::future<_Select_invoke_traits<decay<_Ty>::type,decay<_ArgTypes>::type...>::type> std::async(_Fty &&,_ArgTypes ...)'
          D:\Documentos\Programação Competitiva\Aula 1 - Vectors\Aula 1 - Vectors\Aula 1 - Exercício 2\Aula 1\Aula 1.cpp(52,22):
          Falha ao especializar o modelo de função 'std::future<_Select_invoke_traits<decay<_Ty>::type,decay<_ArgTypes>::type...>::type> std::async(_Fty &&,_ArgTypes ...)'
              D:\Documentos\Programação Competitiva\Aula 1 - Vectors\Aula 1 - Vectors\Aula 1 - Exercício 2\Aula 1\Aula 1.cpp(52,22):
              Com os seguintes argumentos de template:
                  D:\Documentos\Programação Competitiva\Aula 1 - Vectors\Aula 1 - Vectors\Aula 1 - Exercício 2\Aula 1\Aula 1.cpp(52,22):
                  '_Fty=std::launch'
                  D:\Documentos\Programação Competitiva\Aula 1 - Vectors\Aula 1 - Vectors\Aula 1 - Exercício 2\Aula 1\Aula 1.cpp(52,22):
                  '_ArgTypes={void (__cdecl &)(vi &,int)}'
              C:\Program Files\Microsoft Visual Studio\2022\Community\VC\Tools\MSVC\14.41.34120\include\future(1413,25):
              'std::_Invoke_result_t' : Falha ao especializar o modelo de alias
                  C:\Program Files\Microsoft Visual Studio\2022\Community\VC\Tools\MSVC\14.41.34120\include\type_traits(1855,79):
                  'type': não é um membro de nenhuma classe base direta ou indireta de 'std::_Invoke_traits_nonzero<void,std::launch,void (__cdecl *)(vi &,int)>'
      C:\Program Files\Microsoft Visual Studio\2022\Community\VC\Tools\MSVC\14.41.34120\include\future(1413,81):
      ou       'std::future<_Select_invoke_traits<decay<_Ty>::type,decay<_ArgTypes>::type...>::type> std::async(std::launch,_Fty &&,_ArgTypes ...)'
          D:\Documentos\Programação Competitiva\Aula 1 - Vectors\Aula 1 - Vectors\Aula 1 - Exercício 2\Aula 1\Aula 1.cpp(52,22):
          Falha ao especializar o modelo de função 'std::future<_Select_invoke_traits<decay<_Ty>::type,decay<_ArgTypes>::type...>::type> std::async(std::launch,_Fty &&,_ArgTypes ...)'
              D:\Documentos\Programação Competitiva\Aula 1 - Vectors\Aula 1 - Vectors\Aula 1 - Exercício 2\Aula 1\Aula 1.cpp(52,22):
              Com os seguintes argumentos de template:
                  D:\Documentos\Programação Competitiva\Aula 1 - Vectors\Aula 1 - Vectors\Aula 1 - Exercício 2\Aula 1\Aula 1.cpp(52,22):
                  '_Fty=void (__cdecl &)(vi &,int)'
                  D:\Documentos\Programação Competitiva\Aula 1 - Vectors\Aula 1 - Vectors\Aula 1 - Exercício 2\Aula 1\Aula 1.cpp(52,22):
                  '_ArgTypes={}'
              C:\Program Files\Microsoft Visual Studio\2022\Community\VC\Tools\MSVC\14.41.34120\include\future(1413,25):
              'std::_Invoke_result_t' : Falha ao especializar o modelo de alias
                  C:\Program Files\Microsoft Visual Studio\2022\Community\VC\Tools\MSVC\14.41.34120\include\type_traits(1855,79):
                  'type': não é um membro de nenhuma classe base direta ou indireta de 'std::_Invoke_traits_zero<void,void (__cdecl *)(vi &,int)>'
  
D:\Documentos\Programação Competitiva\Aula 1 - Vectors\Aula 1 - Vectors\Aula 1 - Exercício 2\Aula 1\Aula 1.cpp(53,53): error C2672: 'ref': nenhuma função sobrecarregada correspondente encontrada
      C:\Program Files\Microsoft Visual Studio\2022\Community\VC\Tools\MSVC\14.41.34120\include\type_traits(2060,48):
      poderia ser 'std::reference_wrapper<_Ty> std::ref(std::reference_wrapper<_Ty>) noexcept'
          D:\Documentos\Programação Competitiva\Aula 1 - Vectors\Aula 1 - Vectors\Aula 1 - Exercício 2\Aula 1\Aula 1.cpp(53,53):
          'std::reference_wrapper<_Ty> std::ref(std::reference_wrapper<_Ty>) noexcept': espera argumentos 1 - 2 fornecido
      C:\Program Files\Microsoft Visual Studio\2022\Community\VC\Tools\MSVC\14.41.34120\include\type_traits(2057,6):
      ou       'void std::ref(const _Ty &&)'
          D:\Documentos\Programação Competitiva\Aula 1 - Vectors\Aula 1 - Vectors\Aula 1 - Exercício 2\Aula 1\Aula 1.cpp(53,53):
          'void std::ref(const _Ty &&)': espera argumentos 1 - 2 fornecido
      C:\Program Files\Microsoft Visual Studio\2022\Community\VC\Tools\MSVC\14.41.34120\include\type_traits(2052,48):
      ou       'std::reference_wrapper<_Ty> std::ref(_Ty &) noexcept'
          D:\Documentos\Programação Competitiva\Aula 1 - Vectors\Aula 1 - Vectors\Aula 1 - Exercício 2\Aula 1\Aula 1.cpp(53,53):
          'std::reference_wrapper<_Ty> std::ref(_Ty &) noexcept': espera argumentos 1 - 2 fornecido
  
D:\Documentos\Programação Competitiva\Aula 1 - Vectors\Aula 1 - Vectors\Aula 1 - Exercício 2\Aula 1\Aula 1.cpp(53,22): error C2672: 'async': nenhuma função sobrecarregada correspondente encontrada
      C:\Program Files\Microsoft Visual Studio\2022\Community\VC\Tools\MSVC\14.41.34120\include\future(1426,81):
      poderia ser 'std::future<_Select_invoke_traits<decay<_Ty>::type,decay<_ArgTypes>::type...>::type> std::async(_Fty &&,_ArgTypes ...)'
          D:\Documentos\Programação Competitiva\Aula 1 - Vectors\Aula 1 - Vectors\Aula 1 - Exercício 2\Aula 1\Aula 1.cpp(53,22):
          Falha ao especializar o modelo de função 'std::future<_Select_invoke_traits<decay<_Ty>::type,decay<_ArgTypes>::type...>::type> std::async(_Fty &&,_ArgTypes ...)'
              D:\Documentos\Programação Competitiva\Aula 1 - Vectors\Aula 1 - Vectors\Aula 1 - Exercício 2\Aula 1\Aula 1.cpp(53,22):
              Com os seguintes argumentos de template:
                  D:\Documentos\Programação Competitiva\Aula 1 - Vectors\Aula 1 - Vectors\Aula 1 - Exercício 2\Aula 1\Aula 1.cpp(53,22):
                  '_Fty=std::launch'
                  D:\Documentos\Programação Competitiva\Aula 1 - Vectors\Aula 1 - Vectors\Aula 1 - Exercício 2\Aula 1\Aula 1.cpp(53,22):
                  '_ArgTypes={void (__cdecl &)(vvi &,int)}'
              C:\Program Files\Microsoft Visual Studio\2022\Community\VC\Tools\MSVC\14.41.34120\include\future(1413,25):
              'std::_Invoke_result_t' : Falha ao especializar o modelo de alias
                  C:\Program Files\Microsoft Visual Studio\2022\Community\VC\Tools\MSVC\14.41.34120\include\type_traits(1855,79):
                  'type': não é um membro de nenhuma classe base direta ou indireta de 'std::_Invoke_traits_nonzero<void,std::launch,void (__cdecl *)(vvi &,int)>'
      C:\Program Files\Microsoft Visual Studio\2022\Community\VC\Tools\MSVC\14.41.34120\include\future(1413,81):
      ou       'std::future<_Select_invoke_traits<decay<_Ty>::type,decay<_ArgTypes>::type...>::type> std::async(std::launch,_Fty &&,_ArgTypes ...)'
          D:\Documentos\Programação Competitiva\Aula 1 - Vectors\Aula 1 - Vectors\Aula 1 - Exercício 2\Aula 1\Aula 1.cpp(53,22):
          Falha ao especializar o modelo de função 'std::future<_Select_invoke_traits<decay<_Ty>::type,decay<_ArgTypes>::type...>::type> std::async(std::launch,_Fty &&,_ArgTypes ...)'
              D:\Documentos\Programação Competitiva\Aula 1 - Vectors\Aula 1 - Vectors\Aula 1 - Exercício 2\Aula 1\Aula 1.cpp(53,22):
              Com os seguintes argumentos de template:
                  D:\Documentos\Programação Competitiva\Aula 1 - Vectors\Aula 1 - Vectors\Aula 1 - Exercício 2\Aula 1\Aula 1.cpp(53,22):
                  '_Fty=void (__cdecl &)(vvi &,int)'
                  D:\Documentos\Programação Competitiva\Aula 1 - Vectors\Aula 1 - Vectors\Aula 1 - Exercício 2\Aula 1\Aula 1.cpp(53,22):
                  '_ArgTypes={}'
              C:\Program Files\Microsoft Visual Studio\2022\Community\VC\Tools\MSVC\14.41.34120\include\future(1413,25):
              'std::_Invoke_result_t' : Falha ao especializar o modelo de alias
                  C:\Program Files\Microsoft Visual Studio\2022\Community\VC\Tools\MSVC\14.41.34120\include\type_traits(1855,79):
                  'type': não é um membro de nenhuma classe base direta ou indireta de 'std::_Invoke_traits_zero<void,void (__cdecl *)(vvi &,int)>'
  
D:\Documentos\Programação Competitiva\Aula 1 - Vectors\Aula 1 - Vectors\Aula 1 - Exercício 2\Aula 1\Aula 1.cpp(55,5): error C3536: 'readTask1': não pode ser usado antes de ser inicializado
D:\Documentos\Programação Competitiva\Aula 1 - Vectors\Aula 1 - Vectors\Aula 1 - Exercício 2\Aula 1\Aula 1.cpp(56,5): error C3536: 'readTask2': não pode ser usado antes de ser inicializado
